Build started 1/20/2020 1:50:07 PM.
     1>Project "D:\ra207-2016\projekat\MRKiRM-projekat-master\MRKiRM-projekat-master\Client_IPv4\Client_IPv4.vcxproj" on node 2 (build target(s)).
     1>InitializeBuildStatus:
         Creating "Debug\Client_IPv4.unsuccessfulbuild" because "AlwaysCreate" was specified.
       ClCompile:
         C:\Program Files (x86)\Microsoft Visual Studio 10.0\VC\bin\CL.exe /c /ZI /nologo /W3 /WX- /Od /Oy- /D WIN32 /D _DEBUG /D _CONSOLE /D _UNICODE /D UNICODE /Gm /EHsc /RTC1 /MDd /GS /fp:precise /Zc:wchar_t /Zc:forScope /Fo"Debug\\" /Fd"Debug\vc100.pdb" /Gd /TP /analyze- /errorReport:prompt Client_IPv4.cpp
         Client_IPv4.cpp
     1>d:\ra207-2016\projekat\mrkirm-projekat-master\mrkirm-projekat-master\client_ipv4\client_ipv4.cpp(140): warning C4996: 'fopen': This function or variable may be unsafe. Consider using fopen_s instead. To disable deprecation, use _CRT_SECURE_NO_WARNINGS. See online help for details.
                 c:\program files (x86)\microsoft visual studio 10.0\vc\include\stdio.h(234) : see declaration of 'fopen'
     1>d:\ra207-2016\projekat\mrkirm-projekat-master\mrkirm-projekat-master\client_ipv4\client_ipv4.cpp(146): warning C4996: 'scanf': This function or variable may be unsafe. Consider using scanf_s instead. To disable deprecation, use _CRT_SECURE_NO_WARNINGS. See online help for details.
                 c:\program files (x86)\microsoft visual studio 10.0\vc\include\stdio.h(304) : see declaration of 'scanf'
     1>d:\ra207-2016\projekat\mrkirm-projekat-master\mrkirm-projekat-master\client_ipv4\client_ipv4.cpp(148): warning C4996: 'scanf': This function or variable may be unsafe. Consider using scanf_s instead. To disable deprecation, use _CRT_SECURE_NO_WARNINGS. See online help for details.
                 c:\program files (x86)\microsoft visual studio 10.0\vc\include\stdio.h(304) : see declaration of 'scanf'
       Link:
         C:\Program Files (x86)\Microsoft Visual Studio 10.0\VC\bin\link.exe /ERRORREPORT:PROMPT /OUT:"D:\ra207-2016\projekat\MRKiRM-projekat-master\MRKiRM-projekat-master\Client_IPv4\Debug\Client_IPv4.exe" /INCREMENTAL:NO /NOLOGO kernel32.lib user32.lib gdi32.lib winspool.lib comdlg32.lib advapi32.lib shell32.lib ole32.lib oleaut32.lib uuid.lib odbc32.lib odbccp32.lib /MANIFEST /ManifestFile:"Debug\Client_IPv4.exe.intermediate.manifest" /MANIFESTUAC:"level='asInvoker' uiAccess='false'" /DEBUG /PDB:"D:\ra207-2016\projekat\MRKiRM-projekat-master\MRKiRM-projekat-master\Client_IPv4\Debug\Client_IPv4.pdb" /SUBSYSTEM:CONSOLE /TLBID:1 /DYNAMICBASE /NXCOMPAT /IMPLIB:"D:\ra207-2016\projekat\MRKiRM-projekat-master\MRKiRM-projekat-master\Client_IPv4\Debug\Client_IPv4.lib" /MACHINE:X86 Debug\Client_IPv4.obj
     1>Client_IPv4.obj : warning LNK4075: ignoring '/EDITANDCONTINUE' due to '/INCREMENTAL:NO' specification
         Client_IPv4.vcxproj -> D:\ra207-2016\projekat\MRKiRM-projekat-master\MRKiRM-projekat-master\Client_IPv4\Debug\Client_IPv4.exe
       Manifest:
         C:\Program Files (x86)\Microsoft SDKs\Windows\v7.0A\bin\mt.exe /nologo /verbose /outputresource:"D:\ra207-2016\projekat\MRKiRM-projekat-master\MRKiRM-projekat-master\Client_IPv4\Debug\Client_IPv4.exe;#1" /manifest Debug\Client_IPv4.exe.intermediate.manifest
       FinalizeBuildStatus:
         Deleting file "Debug\Client_IPv4.unsuccessfulbuild".
         Touching "Debug\Client_IPv4.lastbuildstate".
     1>Done Building Project "D:\ra207-2016\projekat\MRKiRM-projekat-master\MRKiRM-projekat-master\Client_IPv4\Client_IPv4.vcxproj" (build target(s)).

Build succeeded.

Time Elapsed 00:00:00.83
