D:\ra207-2016\MrkiRM-projekat-2.0-master\Client_IPv4\Debug\cl.command.1.tlog
D:\ra207-2016\MrkiRM-projekat-2.0-master\Client_IPv4\Debug\CL.read.1.tlog
D:\ra207-2016\MrkiRM-projekat-2.0-master\Client_IPv4\Debug\CL.write.1.tlog
D:\RA207-2016\MRKIRM-PROJEKAT-2.0-MASTER\CLIENT_IPV4\DEBUG\CLIENT_IPV4.EXE
D:\RA207-2016\MRKIRM-PROJEKAT-2.0-MASTER\CLIENT_IPV4\DEBUG\CLIENT_IPV4.EXE.INTERMEDIATE.MANIFEST
D:\RA207-2016\MRKIRM-PROJEKAT-2.0-MASTER\CLIENT_IPV4\DEBUG\CLIENT_IPV4.OBJ
D:\RA207-2016\MRKIRM-PROJEKAT-2.0-MASTER\CLIENT_IPV4\DEBUG\CLIENT_IPV4.PDB
D:\ra207-2016\MrkiRM-projekat-2.0-master\Client_IPv4\Debug\Client_IPv4.write.1.tlog
D:\ra207-2016\MrkiRM-projekat-2.0-master\Client_IPv4\Debug\link.command.1.tlog
D:\ra207-2016\MrkiRM-projekat-2.0-master\Client_IPv4\Debug\link.read.1.tlog
D:\ra207-2016\MrkiRM-projekat-2.0-master\Client_IPv4\Debug\link.write.1.tlog
D:\ra207-2016\MrkiRM-projekat-2.0-master\Client_IPv4\Debug\mt.command.1.tlog
D:\ra207-2016\MrkiRM-projekat-2.0-master\Client_IPv4\Debug\mt.read.1.tlog
D:\ra207-2016\MrkiRM-projekat-2.0-master\Client_IPv4\Debug\mt.write.1.tlog
D:\ra207-2016\MrkiRM-projekat-2.0-master\Client_IPv4\Debug\vc100.idb
D:\RA207-2016\MRKIRM-PROJEKAT-2.0-MASTER\CLIENT_IPV4\DEBUG\VC100.PDB
D:\RA207-2016\PROJEKAT\MRKIRM-PROJEKAT-MASTER\MRKIRM-PROJEKAT-MASTER\CLIENT_IPV4\DEBUG\CLIENT_IPV4.EXE
D:\RA207-2016\PROJEKAT\MRKIRM-PROJEKAT-MASTER\MRKIRM-PROJEKAT-MASTER\CLIENT_IPV4\DEBUG\CLIENT_IPV4.EXE.INTERMEDIATE.MANIFEST
D:\RA207-2016\PROJEKAT\MRKIRM-PROJEKAT-MASTER\MRKIRM-PROJEKAT-MASTER\CLIENT_IPV4\DEBUG\CLIENT_IPV4.OBJ
D:\RA207-2016\PROJEKAT\MRKIRM-PROJEKAT-MASTER\MRKIRM-PROJEKAT-MASTER\CLIENT_IPV4\DEBUG\CLIENT_IPV4.PDB
D:\RA207-2016\PROJEKAT\MRKIRM-PROJEKAT-MASTER\MRKIRM-PROJEKAT-MASTER\CLIENT_IPV4\DEBUG\VC100.PDB
