D:\Faks\mrkirm\MrkiRM-projekat-2.0\Server\Debug\cl.command.1.tlog
D:\Faks\mrkirm\MrkiRM-projekat-2.0\Server\Debug\CL.read.1.tlog
D:\Faks\mrkirm\MrkiRM-projekat-2.0\Server\Debug\CL.write.1.tlog
D:\Faks\mrkirm\MrkiRM-projekat-2.0\Server\Debug\link.command.1.tlog
D:\Faks\mrkirm\MrkiRM-projekat-2.0\Server\Debug\link.read.1.tlog
D:\Faks\mrkirm\MrkiRM-projekat-2.0\Server\Debug\link.write.1.tlog
D:\Faks\mrkirm\MrkiRM-projekat-2.0\Server\Debug\mt.command.1.tlog
D:\Faks\mrkirm\MrkiRM-projekat-2.0\Server\Debug\mt.read.1.tlog
D:\Faks\mrkirm\MrkiRM-projekat-2.0\Server\Debug\mt.write.1.tlog
D:\FAKS\MRKIRM\MRKIRM-PROJEKAT-2.0\SERVER\DEBUG\SERVER.EXE
D:\FAKS\MRKIRM\MRKIRM-PROJEKAT-2.0\SERVER\DEBUG\SERVER.EXE.INTERMEDIATE.MANIFEST
D:\FAKS\MRKIRM\MRKIRM-PROJEKAT-2.0\SERVER\DEBUG\SERVER.OBJ
D:\FAKS\MRKIRM\MRKIRM-PROJEKAT-2.0\SERVER\DEBUG\SERVER.PDB
D:\Faks\mrkirm\MrkiRM-projekat-2.0\Server\Debug\Server.vcxprojResolveAssemblyReference.cache
D:\Faks\mrkirm\MrkiRM-projekat-2.0\Server\Debug\Server.write.1.tlog
D:\Faks\mrkirm\MrkiRM-projekat-2.0\Server\Debug\vc100.idb
D:\FAKS\MRKIRM\MRKIRM-PROJEKAT-2.0\SERVER\DEBUG\VC100.PDB
D:\RA207-2016\PROJEKAT\MRKIRM-PROJEKAT-MASTER\MRKIRM-PROJEKAT-MASTER\SERVER\DEBUG\SERVER.EXE
D:\RA207-2016\PROJEKAT\MRKIRM-PROJEKAT-MASTER\MRKIRM-PROJEKAT-MASTER\SERVER\DEBUG\SERVER.EXE.INTERMEDIATE.MANIFEST
D:\RA207-2016\PROJEKAT\MRKIRM-PROJEKAT-MASTER\MRKIRM-PROJEKAT-MASTER\SERVER\DEBUG\SERVER.OBJ
D:\RA207-2016\PROJEKAT\MRKIRM-PROJEKAT-MASTER\MRKIRM-PROJEKAT-MASTER\SERVER\DEBUG\SERVER.PDB
D:\RA207-2016\PROJEKAT\MRKIRM-PROJEKAT-MASTER\MRKIRM-PROJEKAT-MASTER\SERVER\DEBUG\VC100.PDB
