D:\FAKS\MRKIRM\MRKIRM-PROJEKAT\CLIENT_IPV6\DEBUG\CLIENT_IPV6.EXE
D:\FAKS\MRKIRM\MRKIRM-PROJEKAT\CLIENT_IPV6\DEBUG\CLIENT_IPV6.EXE.INTERMEDIATE.MANIFEST
D:\FAKS\MRKIRM\MRKIRM-PROJEKAT\CLIENT_IPV6\DEBUG\CLIENT_IPV6.OBJ
D:\FAKS\MRKIRM\MRKIRM-PROJEKAT\CLIENT_IPV6\DEBUG\CLIENT_IPV6.PDB
D:\FAKS\MRKIRM\MRKIRM-PROJEKAT\CLIENT_IPV6\DEBUG\VC100.PDB
D:\Faks\mrkirm\MrkiRM-projekat-2.0\Client_IPv6\Debug\cl.command.1.tlog
D:\Faks\mrkirm\MrkiRM-projekat-2.0\Client_IPv6\Debug\CL.read.1.tlog
D:\Faks\mrkirm\MrkiRM-projekat-2.0\Client_IPv6\Debug\CL.write.1.tlog
D:\FAKS\MRKIRM\MRKIRM-PROJEKAT-2.0\CLIENT_IPV6\DEBUG\CLIENT_IPV6.EXE
D:\FAKS\MRKIRM\MRKIRM-PROJEKAT-2.0\CLIENT_IPV6\DEBUG\CLIENT_IPV6.EXE.INTERMEDIATE.MANIFEST
D:\FAKS\MRKIRM\MRKIRM-PROJEKAT-2.0\CLIENT_IPV6\DEBUG\CLIENT_IPV6.OBJ
D:\FAKS\MRKIRM\MRKIRM-PROJEKAT-2.0\CLIENT_IPV6\DEBUG\CLIENT_IPV6.PDB
D:\Faks\mrkirm\MrkiRM-projekat-2.0\Client_IPv6\Debug\Client_IPv6.vcxprojResolveAssemblyReference.cache
D:\Faks\mrkirm\MrkiRM-projekat-2.0\Client_IPv6\Debug\Client_IPv6.write.1.tlog
D:\Faks\mrkirm\MrkiRM-projekat-2.0\Client_IPv6\Debug\link.command.1.tlog
D:\Faks\mrkirm\MrkiRM-projekat-2.0\Client_IPv6\Debug\link.read.1.tlog
D:\Faks\mrkirm\MrkiRM-projekat-2.0\Client_IPv6\Debug\link.write.1.tlog
D:\Faks\mrkirm\MrkiRM-projekat-2.0\Client_IPv6\Debug\mt.command.1.tlog
D:\Faks\mrkirm\MrkiRM-projekat-2.0\Client_IPv6\Debug\mt.read.1.tlog
D:\Faks\mrkirm\MrkiRM-projekat-2.0\Client_IPv6\Debug\mt.write.1.tlog
D:\Faks\mrkirm\MrkiRM-projekat-2.0\Client_IPv6\Debug\vc100.idb
D:\FAKS\MRKIRM\MRKIRM-PROJEKAT-2.0\CLIENT_IPV6\DEBUG\VC100.PDB
D:\RA207-2016\PROJEKAT\MRKIRM-PROJEKAT-MASTER\MRKIRM-PROJEKAT-MASTER\CLIENT_IPV6\DEBUG\CLIENT_IPV6.EXE
D:\RA207-2016\PROJEKAT\MRKIRM-PROJEKAT-MASTER\MRKIRM-PROJEKAT-MASTER\CLIENT_IPV6\DEBUG\CLIENT_IPV6.EXE.INTERMEDIATE.MANIFEST
D:\RA207-2016\PROJEKAT\MRKIRM-PROJEKAT-MASTER\MRKIRM-PROJEKAT-MASTER\CLIENT_IPV6\DEBUG\CLIENT_IPV6.OBJ
D:\RA207-2016\PROJEKAT\MRKIRM-PROJEKAT-MASTER\MRKIRM-PROJEKAT-MASTER\CLIENT_IPV6\DEBUG\CLIENT_IPV6.PDB
D:\RA207-2016\PROJEKAT\MRKIRM-PROJEKAT-MASTER\MRKIRM-PROJEKAT-MASTER\CLIENT_IPV6\DEBUG\VC100.PDB
